[Licensing::Module] Successfully connected to LicensingClient on channel: LicenseClient-aabde
Entitlement-based licensing initiated
[LicensingClient] Licenses Updated successfully in LicensingClient

LICENSE SYSTEM [2020727 17:47:17] Next license update check is after 2020-07-28T21:41:44

Built from '2019.4/staging' branch; Version is '2019.4.5f1 (81610f64359c) revision 8478991'; Using compiler version '191627012'
OS: 'Windows 10  (10.0.0) 64bit' Language: 'en' Physical Memory: 8090 MB
[Licensing::Module] Serial number assigned to: "F4-H7VR-QWQG-3Z6P-53MS-XXXX"\nBatchMode: 1, IsHumanControllingUs: 0, StartBugReporterOnCrash: 0, Is64bit: 1, IsPro: 0

 COMMAND LINE ARGUMENTS:
C:\Program Files\Unity\Hub\Editor\2019.4.5f1\Editor\Unity.exe
-adb2
-batchMode
-noUpm
-name
AssetImportWorker0
-projectPath
C:/Users/aabde/Simple2D
-logFile
Library/AssetImportWorker0.log
-srvPort
63838
Successfully changed project path to: C:/Users/aabde/Simple2D
C:/Users/aabde/Simple2D
Using Asset Import Pipeline V2.
Refreshing native plugins compatible for Editor in 24.92 ms, found 0 plugins.
Preloading 0 native plugins for Editor in 0.00 ms.
Initialize engine version: 2019.4.5f1 (81610f64359c)
[Subsystems] Discovering subsystems at path C:/Program Files/Unity/Hub/Editor/2019.4.5f1/Editor/Data/Resources/UnitySubsystems
[Subsystems] Discovering subsystems at path C:/Users/aabde/Simple2D/Assets
GfxDevice: creating device client; threaded=0
Direct3D:
    Version:  Direct3D 11.0 [level 11.1]
    Renderer: Intel(R) HD Graphics 620 (ID=0x5916)
    Vendor:   
    VRAM:     4045 MB
    Driver:   26.20.100.6859
Initialize mono
Mono path[0] = 'C:/Program Files/Unity/Hub/Editor/2019.4.5f1/Editor/Data/Managed'
Mono path[1] = 'C:/Program Files/Unity/Hub/Editor/2019.4.5f1/Editor/Data/MonoBleedingEdge/lib/mono/unityjit'
Mono config path = 'C:/Program Files/Unity/Hub/Editor/2019.4.5f1/Editor/Data/MonoBleedingEdge/etc'
Using monoOptions --debugger-agent=transport=dt_socket,embedding=1,server=y,suspend=n,address=127.0.0.1:56776
Begin MonoManager ReloadAssembly
Registering precompiled unity dll's ...
Register platform support module: C:/Program Files/Unity/Hub/Editor/2019.4.5f1/Editor/Data/PlaybackEngines/WindowsStandaloneSupport/UnityEditor.WindowsStandalone.Extensions.dll
Register platform support module: C:/Program Files/Unity/Hub/Editor/2019.4.5f1/Editor/Data/PlaybackEngines/WebGLSupport/UnityEditor.WebGL.Extensions.dll
Registered in 0.003751 seconds.
Native extension for WebGL target not found
Native extension for WindowsStandalone target not found
Refreshing native plugins compatible for Editor in 15.83 ms, found 0 plugins.
Preloading 0 native plugins for Editor in 0.00 ms.
Mono: successfully reloaded assembly
- Completed reload, in  1.891 seconds
Registering precompiled user dll's ...
Registered in 0.073011 seconds.
Platform modules already initialized, skipping
Begin MonoManager ReloadAssembly
Symbol file LoadedFromMemory doesn't match image C:\Users\aabde\Simple2D\Library\PackageCache\com.unity.ext.nunit@1.0.0\net35\unity-custom\nunit.framework.dll
Native extension for WebGL target not found
Native extension for WindowsStandalone target not found
Refreshing native plugins compatible for Editor in 22.32 ms, found 0 plugins.
Preloading 0 native plugins for Editor in 0.00 ms.
Mono: successfully reloaded assembly
- Completed reload, in  1.157 seconds
Platform modules already initialized, skipping
========================================================================
Worker process is ready to serve import requests
Refreshing native plugins compatible for Editor in 0.30 ms, found 0 plugins.
Preloading 0 native plugins for Editor in 0.00 ms.
Unloading 1076 Unused Serialized files (Serialized files now loaded: 0)
System memory in use before: 55.3 MB.
System memory in use after: 55.2 MB.

Unloading 5 unused Assets to reduce memory usage. Loaded Objects now: 1466.
Total: 1.801300 ms (FindLiveObjects: 0.380100 ms CreateObjectMapping: 0.039400 ms MarkObjects: 1.325700 ms  DeleteObjects: 0.055500 ms)

========================================================================
Received Import Request.
  path: Assets/Scenes/SampleScene.unity
  artifactKey: Guid(9fc0d4010bbf28b4594072e72b8655ab) Importer(2089858483,3291a93977bff14cd8133371a99a42d2)
Start importing Assets/Scenes/SampleScene.unity using Guid(9fc0d4010bbf28b4594072e72b8655ab) Importer(2089858483,3291a93977bff14cd8133371a99a42d2)

Generated asset (ASIEI01) VirtualArtifacts/NamedExtra/c7410cf647cd90b43b07e43520dad9a7.asset.1.index for Assets/Scenes/SampleScene.unity with Types
Done importing asset: 'Assets/Scenes/SampleScene.unity' (target hash: '0ada31e4fc80447520e05a1993c5e6aa') in 0.108793 seconds
  Import took 0.112371 seconds.

========================================================================
Received Prepare
Reloading mono domain
Begin MonoManager ReloadAssembly
Registering precompiled unity dll's ...
Register platform support module: C:/Program Files/Unity/Hub/Editor/2019.4.5f1/Editor/Data/PlaybackEngines/WindowsStandaloneSupport/UnityEditor.WindowsStandalone.Extensions.dll
Register platform support module: C:/Program Files/Unity/Hub/Editor/2019.4.5f1/Editor/Data/PlaybackEngines/WebGLSupport/UnityEditor.WebGL.Extensions.dll
Registered in 0.003609 seconds.
Symbol file LoadedFromMemory doesn't match image C:\Users\aabde\Simple2D\Library\PackageCache\com.unity.ext.nunit@1.0.0\net35\unity-custom\nunit.framework.dll
Native extension for WebGL target not found
Native extension for WindowsStandalone target not found
Refreshing native plugins compatible for Editor in 18.13 ms, found 0 plugins.
Preloading 0 native plugins for Editor in 0.00 ms.
Mono: successfully reloaded assembly
- Completed reload, in  1.083 seconds
Registering precompiled user dll's ...
Registered in 0.084700 seconds.
Platform modules already initialized, skipping
Begin MonoManager ReloadAssembly
Symbol file LoadedFromMemory doesn't match image C:\Users\aabde\Simple2D\Library\PackageCache\com.unity.ext.nunit@1.0.0\net35\unity-custom\nunit.framework.dll
Native extension for WebGL target not found
Native extension for WindowsStandalone target not found
Refreshing native plugins compatible for Editor in 0.26 ms, found 0 plugins.
Preloading 0 native plugins for Editor in 0.00 ms.
Mono: successfully reloaded assembly
- Completed reload, in  1.172 seconds
Platform modules already initialized, skipping
Refreshing native plugins compatible for Editor in 0.22 ms, found 0 plugins.
Preloading 0 native plugins for Editor in 0.00 ms.
Unloading 6 Unused Serialized files (Serialized files now loaded: 0)
System memory in use before: 34.4 MB.
System memory in use after: 34.5 MB.

Unloading 5 unused Assets to reduce memory usage. Loaded Objects now: 1472.
Total: 1.951500 ms (FindLiveObjects: 0.397200 ms CreateObjectMapping: 0.036600 ms MarkObjects: 1.443300 ms  DeleteObjects: 0.073100 ms)

========================================================================
Received Import Request.
  Time since last request: 804.666438 seconds.
  path: Assets/New Material.mat
  artifactKey: Guid(23d7bf583ab70f042a44a5feb2fc697c) Importer(2089858483,3291a93977bff14cd8133371a99a42d2)
Start importing Assets/New Material.mat using Guid(23d7bf583ab70f042a44a5feb2fc697c) Importer(2089858483,3291a93977bff14cd8133371a99a42d2)

Generated asset (ASIEI01) VirtualArtifacts/NamedExtra/80b97f94f97eb4545b8ffa58ab2c12e6.asset.1.index for Assets/New Material.mat with Types
Done importing asset: 'Assets/New Material.mat' (target hash: 'd418be711f233f3fe3c5ce151bac1ab8') in 0.150161 seconds
  Import took 0.157403 seconds.

========================================================================
Received Import Request.
  Time since last request: 36.021695 seconds.
  path: Assets/New Material 1.mat
  artifactKey: Guid(da22583543090a84bb62fe00eb25d238) Importer(2089858483,3291a93977bff14cd8133371a99a42d2)
Start importing Assets/New Material 1.mat using Guid(da22583543090a84bb62fe00eb25d238) Importer(2089858483,3291a93977bff14cd8133371a99a42d2)

Generated asset (ASIEI01) VirtualArtifacts/NamedExtra/616f67c4e9d75c64795bb03acf769e8a.asset.1.index for Assets/New Material 1.mat with Types
Done importing asset: 'Assets/New Material 1.mat' (target hash: '3b0e67f08c220722eaee8403631ab9c9') in 0.037095 seconds
  Import took 0.040442 seconds.

========================================================================
Received Prepare
Reloading mono domain
Begin MonoManager ReloadAssembly
Registering precompiled unity dll's ...
Register platform support module: C:/Program Files/Unity/Hub/Editor/2019.4.5f1/Editor/Data/PlaybackEngines/WindowsStandaloneSupport/UnityEditor.WindowsStandalone.Extensions.dll
Register platform support module: C:/Program Files/Unity/Hub/Editor/2019.4.5f1/Editor/Data/PlaybackEngines/WebGLSupport/UnityEditor.WebGL.Extensions.dll
Registered in 0.008908 seconds.
Symbol file LoadedFromMemory doesn't match image C:\Users\aabde\Simple2D\Library\PackageCache\com.unity.ext.nunit@1.0.0\net35\unity-custom\nunit.framework.dll
Native extension for WebGL target not found
Native extension for WindowsStandalone target not found
Refreshing native plugins compatible for Editor in 34.68 ms, found 0 plugins.
Preloading 0 native plugins for Editor in 0.00 ms.
Mono: successfully reloaded assembly
- Completed reload, in  1.729 seconds
Registering precompiled user dll's ...
Registered in 0.064824 seconds.
Platform modules already initialized, skipping
Begin MonoManager ReloadAssembly
Symbol file LoadedFromMemory doesn't match image C:\Users\aabde\Simple2D\Library\PackageCache\com.unity.ext.nunit@1.0.0\net35\unity-custom\nunit.framework.dll
Native extension for WebGL target not found
Native extension for WindowsStandalone target not found
Refreshing native plugins compatible for Editor in 0.22 ms, found 0 plugins.
Preloading 0 native plugins for Editor in 0.00 ms.
Mono: successfully reloaded assembly
- Completed reload, in  1.254 seconds
Platform modules already initialized, skipping
Refreshing native plugins compatible for Editor in 0.20 ms, found 0 plugins.
Preloading 0 native plugins for Editor in 0.00 ms.
Unloading 6 Unused Serialized files (Serialized files now loaded: 0)
System memory in use before: 34.4 MB.
System memory in use after: 34.5 MB.

Unloading 5 unused Assets to reduce memory usage. Loaded Objects now: 1478.
Total: 1.636900 ms (FindLiveObjects: 0.416200 ms CreateObjectMapping: 0.043300 ms MarkObjects: 1.120000 ms  DeleteObjects: 0.056600 ms)

========================================================================
Received Prepare
Reloading mono domain
Begin MonoManager ReloadAssembly
Registering precompiled unity dll's ...
Register platform support module: C:/Program Files/Unity/Hub/Editor/2019.4.5f1/Editor/Data/PlaybackEngines/WindowsStandaloneSupport/UnityEditor.WindowsStandalone.Extensions.dll
Register platform support module: C:/Program Files/Unity/Hub/Editor/2019.4.5f1/Editor/Data/PlaybackEngines/WebGLSupport/UnityEditor.WebGL.Extensions.dll
Registered in 0.003763 seconds.
Symbol file LoadedFromMemory doesn't match image C:\Users\aabde\Simple2D\Library\PackageCache\com.unity.ext.nunit@1.0.0\net35\unity-custom\nunit.framework.dll
Native extension for WebGL target not found
Native extension for WindowsStandalone target not found
Refreshing native plugins compatible for Editor in 16.99 ms, found 0 plugins.
Preloading 0 native plugins for Editor in 0.00 ms.
Mono: successfully reloaded assembly
- Completed reload, in  1.225 seconds
Registering precompiled user dll's ...
Registered in 0.100680 seconds.
Platform modules already initialized, skipping
Begin MonoManager ReloadAssembly
Symbol file LoadedFromMemory doesn't match image C:\Users\aabde\Simple2D\Library\PackageCache\com.unity.ext.nunit@1.0.0\net35\unity-custom\nunit.framework.dll
Native extension for WebGL target not found
Native extension for WindowsStandalone target not found
Refreshing native plugins compatible for Editor in 0.31 ms, found 0 plugins.
Preloading 0 native plugins for Editor in 0.00 ms.
Mono: successfully reloaded assembly
- Completed reload, in  1.174 seconds
Platform modules already initialized, skipping
Refreshing native plugins compatible for Editor in 0.28 ms, found 0 plugins.
Preloading 0 native plugins for Editor in 0.00 ms.
Unloading 6 Unused Serialized files (Serialized files now loaded: 0)
System memory in use before: 34.4 MB.
System memory in use after: 34.5 MB.

Unloading 5 unused Assets to reduce memory usage. Loaded Objects now: 1484.
Total: 1.792600 ms (FindLiveObjects: 0.300200 ms CreateObjectMapping: 0.028800 ms MarkObjects: 1.421400 ms  DeleteObjects: 0.041600 ms)

========================================================================
Received Prepare
Reloading mono domain
Begin MonoManager ReloadAssembly
Registering precompiled unity dll's ...
Register platform support module: C:/Program Files/Unity/Hub/Editor/2019.4.5f1/Editor/Data/PlaybackEngines/WindowsStandaloneSupport/UnityEditor.WindowsStandalone.Extensions.dll
Register platform support module: C:/Program Files/Unity/Hub/Editor/2019.4.5f1/Editor/Data/PlaybackEngines/WebGLSupport/UnityEditor.WebGL.Extensions.dll
Registered in 0.005504 seconds.
Symbol file LoadedFromMemory doesn't match image C:\Users\aabde\Simple2D\Library\PackageCache\com.unity.ext.nunit@1.0.0\net35\unity-custom\nunit.framework.dll
Native extension for WebGL target not found
Native extension for WindowsStandalone target not found
Refreshing native plugins compatible for Editor in 16.50 ms, found 0 plugins.
Preloading 0 native plugins for Editor in 0.00 ms.
Mono: successfully reloaded assembly
- Completed reload, in  1.300 seconds
Registering precompiled user dll's ...
Registered in 0.054999 seconds.
Platform modules already initialized, skipping
Begin MonoManager ReloadAssembly
Symbol file LoadedFromMemory doesn't match image C:\Users\aabde\Simple2D\Library\PackageCache\com.unity.ext.nunit@1.0.0\net35\unity-custom\nunit.framework.dll
Native extension for WebGL target not found
Native extension for WindowsStandalone target not found
Refreshing native plugins compatible for Editor in 0.31 ms, found 0 plugins.
Preloading 0 native plugins for Editor in 0.00 ms.
Mono: successfully reloaded assembly
- Completed reload, in  1.244 seconds
Platform modules already initialized, skipping
Refreshing native plugins compatible for Editor in 0.31 ms, found 0 plugins.
Preloading 0 native plugins for Editor in 0.00 ms.
Unloading 6 Unused Serialized files (Serialized files now loaded: 0)
System memory in use before: 34.4 MB.
System memory in use after: 34.5 MB.

Unloading 5 unused Assets to reduce memory usage. Loaded Objects now: 1490.
Total: 1.999000 ms (FindLiveObjects: 0.461500 ms CreateObjectMapping: 0.054400 ms MarkObjects: 1.423200 ms  DeleteObjects: 0.058500 ms)

========================================================================
Received Import Request.
  Time since last request: 536.890020 seconds.
  path: Assets/Scenes/SampleScene.unity
  artifactKey: Guid(9fc0d4010bbf28b4594072e72b8655ab) Importer(2089858483,3291a93977bff14cd8133371a99a42d2)
Start importing Assets/Scenes/SampleScene.unity using Guid(9fc0d4010bbf28b4594072e72b8655ab) Importer(2089858483,3291a93977bff14cd8133371a99a42d2)

Generated asset (ASIEI01) VirtualArtifacts/NamedExtra/eb4086023edc9404d8aebbcf85852163.asset.1.index for Assets/Scenes/SampleScene.unity with Types
Done importing asset: 'Assets/Scenes/SampleScene.unity' (target hash: '53f026bd1d576ea3534b3c87b551f61d') in 0.091291 seconds
  Import took 0.094657 seconds.

========================================================================
Received Import Request.
  Time since last request: 0.000443 seconds.
  path: Assets/New Material.mat
  artifactKey: Guid(23d7bf583ab70f042a44a5feb2fc697c) Importer(2089858483,3291a93977bff14cd8133371a99a42d2)
Start importing Assets/New Material.mat using Guid(23d7bf583ab70f042a44a5feb2fc697c) Importer(2089858483,3291a93977bff14cd8133371a99a42d2)

Generated asset (ASIEI01) VirtualArtifacts/NamedExtra/ffa598302371c3644aa8b1f2ddbdd49c.asset.1.index for Assets/New Material.mat with Types
Done importing asset: 'Assets/New Material.mat' (target hash: '681a3cff43a7f87d3d6f6dde7dc121f2') in 0.021180 seconds
  Import took 0.027421 seconds.

========================================================================
Received Import Request.
  Time since last request: 0.000366 seconds.
  path: Assets/New Material 1.mat
  artifactKey: Guid(da22583543090a84bb62fe00eb25d238) Importer(2089858483,3291a93977bff14cd8133371a99a42d2)
Start importing Assets/New Material 1.mat using Guid(da22583543090a84bb62fe00eb25d238) Importer(2089858483,3291a93977bff14cd8133371a99a42d2)

Generated asset (ASIEI01) VirtualArtifacts/NamedExtra/1d27611f4eab0344c8802119586ea2cf.asset.1.index for Assets/New Material 1.mat with Types
Done importing asset: 'Assets/New Material 1.mat' (target hash: 'c273cb8e8efa3b9bf4eefcc630678de1') in 0.033368 seconds
  Import took 0.037179 seconds.

AssetImportWorkerClient::OnTransportError - code=2 error=End of file
